<?xml version="1.0" encoding="UTF-8"?>
<!-- Generated by org.testng.reporters.JUnitReportReporter -->
<testsuite hostname="DESKTOP-3NHQC7T" failures="0" tests="2" name="com.TestNG.TestNG" time="25.746" errors="0" timestamp="2022-03-12T17:25:42 IST" skipped="0">
  <testcase classname="com.TestNG.TestNG" name="verifyPageTitleTest" time="13.880"/>
  <system-out/>
  <testcase classname="com.TestNG.TestNG" name="verifyFreeCRMLogoTest" time="11.866"/>
  <system-out/>
</testsuite> <!-- com.TestNG.TestNG -->
