<?xml version="1.0" encoding="UTF-8"?>
<!-- Generated by org.testng.reporters.JUnitReportReporter -->
<testsuite hostname="DESKTOP-3NHQC7T" failures="0" tests="1" name="com.TestNG.HomePageTest" time="11.549" errors="0" timestamp="2022-03-12T17:24:35 IST" skipped="0">
  <testcase classname="com.TestNG.HomePageTest" name="clickOnLogOutt" time="11.549"/>
  <system-out/>
</testsuite> <!-- com.TestNG.HomePageTest -->
